Logfile initialized
[INFO] logfile = /home/martin/Titanium Studio Workspace/MTTT-Titanium/MTTT-Titanium/MobileTicTacToe/build.log
[DEBUG] /home/martin/.titanium/mobilesdk/linux/2.0.1.GA2/android/builder.py simulator MobileTicTacToe /home/martin/android-sdk-linux /home/martin/Titanium Studio Workspace/MTTT-Titanium/MTTT-Titanium/MobileTicTacToe de.bht.MobileTicTacToe 8 HVGA 
[INFO] Building MobileTicTacToe for Android ... one moment
[INFO] Titanium SDK version: 2.0.1 (04/12/12 16:33 999c68a)
[DEBUG] Waiting for device to be ready ...
[TRACE] adb devices returned 1 devices/emulators
[TRACE] adb devices returned 1 devices/emulators
[TRACE] adb devices returned 1 devices/emulators
[TRACE] adb devices returned 1 devices/emulators
[TRACE] adb devices returned 1 devices/emulators
[TRACE] adb devices returned 1 devices/emulators
[TRACE] adb devices returned 1 devices/emulators
[TRACE] adb devices returned 1 devices/emulators
[TRACE] adb devices returned 1 devices/emulators
[TRACE] adb devices returned 1 devices/emulators
[DEBUG] Device connected... (waited 45 seconds)
[DEBUG] waited 48.336304 seconds on emulator to get ready
[INFO] Waiting for the Android Emulator to become available
[DEBUG] de.bht.MobileTicTacToe installed? True
[INFO] Fastdev server running, deploying in Fastdev mode
[INFO] Copying CommonJS modules...
[INFO] Copying project resources..
[TRACE] COPYING MODIFIED FILE: /home/martin/Titanium Studio Workspace/MTTT-Titanium/MTTT-Titanium/MobileTicTacToe/Resources/app.js => /home/martin/Titanium Studio Workspace/MTTT-Titanium/MTTT-Titanium/MobileTicTacToe/build/android/bin/assets/Resources/app.js
[TRACE] COPYING MODIFIED FILE: /home/martin/Titanium Studio Workspace/MTTT-Titanium/MTTT-Titanium/MobileTicTacToe/Resources/ki/ki.js => /home/martin/Titanium Studio Workspace/MTTT-Titanium/MTTT-Titanium/MobileTicTacToe/build/android/bin/assets/Resources/ki/ki.js
[TRACE] COPYING MODIFIED FILE: /home/martin/Titanium Studio Workspace/MTTT-Titanium/MTTT-Titanium/MobileTicTacToe/Resources/ui/ui.js => /home/martin/Titanium Studio Workspace/MTTT-Titanium/MTTT-Titanium/MobileTicTacToe/build/android/bin/assets/Resources/ui/ui.js
[TRACE] COPYING MODIFIED FILE: /home/martin/Titanium Studio Workspace/MTTT-Titanium/MTTT-Titanium/MobileTicTacToe/Resources/ui/GameViewController.js => /home/martin/Titanium Studio Workspace/MTTT-Titanium/MTTT-Titanium/MobileTicTacToe/build/android/bin/assets/Resources/ui/GameViewController.js
[TRACE] Generating Java Classes
[DEBUG] Processing Android resource drawables
[DEBUG] copying app icon: /home/martin/Titanium Studio Workspace/MTTT-Titanium/MTTT-Titanium/MobileTicTacToe/build/android/bin/assets/Resources/appicon.png
[DEBUG] generating theme.xml
[DEBUG] found drawable-notlong-port-mdpi splash screen at /home/martin/Titanium Studio Workspace/MTTT-Titanium/MTTT-Titanium/MobileTicTacToe/Resources/android/images/res-notlong-port-mdpi/default.png
[DEBUG] copying /home/martin/Titanium Studio Workspace/MTTT-Titanium/MTTT-Titanium/MobileTicTacToe/Resources/android/images/res-notlong-port-mdpi/default.png splash screen to /home/martin/Titanium Studio Workspace/MTTT-Titanium/MTTT-Titanium/MobileTicTacToe/build/android/res/drawable-notlong-port-mdpi/background.png
[DEBUG] found drawable-long-land-hdpi splash screen at /home/martin/Titanium Studio Workspace/MTTT-Titanium/MTTT-Titanium/MobileTicTacToe/Resources/android/images/res-long-land-hdpi/default.png
[DEBUG] copying /home/martin/Titanium Studio Workspace/MTTT-Titanium/MTTT-Titanium/MobileTicTacToe/Resources/android/images/res-long-land-hdpi/default.png splash screen to /home/martin/Titanium Studio Workspace/MTTT-Titanium/MTTT-Titanium/MobileTicTacToe/build/android/res/drawable-long-land-hdpi/background.png
[DEBUG] found drawable-long-port-hdpi splash screen at /home/martin/Titanium Studio Workspace/MTTT-Titanium/MTTT-Titanium/MobileTicTacToe/Resources/android/images/res-long-port-hdpi/default.png
[DEBUG] copying /home/martin/Titanium Studio Workspace/MTTT-Titanium/MTTT-Titanium/MobileTicTacToe/Resources/android/images/res-long-port-hdpi/default.png splash screen to /home/martin/Titanium Studio Workspace/MTTT-Titanium/MTTT-Titanium/MobileTicTacToe/build/android/res/drawable-long-port-hdpi/background.png
[DEBUG] found drawable-notlong-land-mdpi splash screen at /home/martin/Titanium Studio Workspace/MTTT-Titanium/MTTT-Titanium/MobileTicTacToe/Resources/android/images/res-notlong-land-mdpi/default.png
[DEBUG] copying /home/martin/Titanium Studio Workspace/MTTT-Titanium/MTTT-Titanium/MobileTicTacToe/Resources/android/images/res-notlong-land-mdpi/default.png splash screen to /home/martin/Titanium Studio Workspace/MTTT-Titanium/MTTT-Titanium/MobileTicTacToe/build/android/res/drawable-notlong-land-mdpi/background.png
[DEBUG] found drawable-long-port-ldpi splash screen at /home/martin/Titanium Studio Workspace/MTTT-Titanium/MTTT-Titanium/MobileTicTacToe/Resources/android/images/res-long-port-ldpi/default.png
[DEBUG] copying /home/martin/Titanium Studio Workspace/MTTT-Titanium/MTTT-Titanium/MobileTicTacToe/Resources/android/images/res-long-port-ldpi/default.png splash screen to /home/martin/Titanium Studio Workspace/MTTT-Titanium/MTTT-Titanium/MobileTicTacToe/build/android/res/drawable-long-port-ldpi/background.png
[DEBUG] found drawable-long-land-ldpi splash screen at /home/martin/Titanium Studio Workspace/MTTT-Titanium/MTTT-Titanium/MobileTicTacToe/Resources/android/images/res-long-land-ldpi/default.png
[DEBUG] copying /home/martin/Titanium Studio Workspace/MTTT-Titanium/MTTT-Titanium/MobileTicTacToe/Resources/android/images/res-long-land-ldpi/default.png splash screen to /home/martin/Titanium Studio Workspace/MTTT-Titanium/MTTT-Titanium/MobileTicTacToe/build/android/res/drawable-long-land-ldpi/background.png
[DEBUG] found drawable-notlong-land-hdpi splash screen at /home/martin/Titanium Studio Workspace/MTTT-Titanium/MTTT-Titanium/MobileTicTacToe/Resources/android/images/res-notlong-land-hdpi/default.png
[DEBUG] copying /home/martin/Titanium Studio Workspace/MTTT-Titanium/MTTT-Titanium/MobileTicTacToe/Resources/android/images/res-notlong-land-hdpi/default.png splash screen to /home/martin/Titanium Studio Workspace/MTTT-Titanium/MTTT-Titanium/MobileTicTacToe/build/android/res/drawable-notlong-land-hdpi/background.png
[DEBUG] found drawable-notlong-port-hdpi splash screen at /home/martin/Titanium Studio Workspace/MTTT-Titanium/MTTT-Titanium/MobileTicTacToe/Resources/android/images/res-notlong-port-hdpi/default.png
[DEBUG] copying /home/martin/Titanium Studio Workspace/MTTT-Titanium/MTTT-Titanium/MobileTicTacToe/Resources/android/images/res-notlong-port-hdpi/default.png splash screen to /home/martin/Titanium Studio Workspace/MTTT-Titanium/MTTT-Titanium/MobileTicTacToe/build/android/res/drawable-notlong-port-hdpi/background.png
[DEBUG] found drawable-notlong-port-ldpi splash screen at /home/martin/Titanium Studio Workspace/MTTT-Titanium/MTTT-Titanium/MobileTicTacToe/Resources/android/images/res-notlong-port-ldpi/default.png
[DEBUG] copying /home/martin/Titanium Studio Workspace/MTTT-Titanium/MTTT-Titanium/MobileTicTacToe/Resources/android/images/res-notlong-port-ldpi/default.png splash screen to /home/martin/Titanium Studio Workspace/MTTT-Titanium/MTTT-Titanium/MobileTicTacToe/build/android/res/drawable-notlong-port-ldpi/background.png
[DEBUG] found drawable-notlong-land-ldpi splash screen at /home/martin/Titanium Studio Workspace/MTTT-Titanium/MTTT-Titanium/MobileTicTacToe/Resources/android/images/res-notlong-land-ldpi/default.png
[DEBUG] copying /home/martin/Titanium Studio Workspace/MTTT-Titanium/MTTT-Titanium/MobileTicTacToe/Resources/android/images/res-notlong-land-ldpi/default.png splash screen to /home/martin/Titanium Studio Workspace/MTTT-Titanium/MTTT-Titanium/MobileTicTacToe/build/android/res/drawable-notlong-land-ldpi/background.png
[DEBUG] found splash screen at /home/martin/Titanium Studio Workspace/MTTT-Titanium/MTTT-Titanium/MobileTicTacToe/build/android/bin/assets/Resources/default.png
[TRACE] Writing out AndroidManifest.xml
[DEBUG] adding /home/martin/Titanium Studio Workspace/MTTT-Titanium/MTTT-Titanium/MobileTicTacToe/build/android/gen/de/bht/MobileTicTacToe/MobiletictactoeActivity.java to javac build list
[DEBUG] adding /home/martin/Titanium Studio Workspace/MTTT-Titanium/MTTT-Titanium/MobileTicTacToe/build/android/gen/de/bht/MobileTicTacToe/MobiletictactoeApplication.java to javac build list
[DEBUG] adding /home/martin/Titanium Studio Workspace/MTTT-Titanium/MTTT-Titanium/MobileTicTacToe/build/android/gen/de/bht/MobileTicTacToe/MobiletictactoeAppInfo.java to javac build list
[DEBUG] adding /home/martin/Titanium Studio Workspace/MTTT-Titanium/MTTT-Titanium/MobileTicTacToe/build/android/gen/de/bht/MobileTicTacToe/R.java to javac build list
[DEBUG] Building Java Sources: "/home/martin/Titanium Studio Workspace/MTTT-Titanium/MTTT-Titanium/MobileTicTacToe/build/android/gen/de/bht/MobileTicTacToe/MobiletictactoeActivity.java" "/home/martin/Titanium Studio Workspace/MTTT-Titanium/MTTT-Titanium/MobileTicTacToe/build/android/gen/de/bht/MobileTicTacToe/MobiletictactoeApplication.java" "/home/martin/Titanium Studio Workspace/MTTT-Titanium/MTTT-Titanium/MobileTicTacToe/build/android/gen/de/bht/MobileTicTacToe/MobiletictactoeAppInfo.java" "/home/martin/Titanium Studio Workspace/MTTT-Titanium/MTTT-Titanium/MobileTicTacToe/build/android/gen/de/bht/MobileTicTacToe/R.java"
[INFO] Waiting for SDCard to become available..
[INFO] Compiling Android Resources... This could take some time
[DEBUG] Android classes.dex built
[DEBUG] creating unsigned apk: /home/martin/Titanium Studio Workspace/MTTT-Titanium/MTTT-Titanium/MobileTicTacToe/build/android/bin/app-unsigned.apk
[DEBUG] from resource zip => assets/Resources/config/config.js
[DEBUG] from resource zip => assets/Resources/images/grid.png
[DEBUG] from resource zip => assets/Resources/images/kreis.png
[DEBUG] from resource zip => assets/Resources/images/kreis_g.png
[DEBUG] from resource zip => assets/Resources/images/kreuz.png
[DEBUG] from resource zip => assets/Resources/images/kreuz_g.png
[DEBUG] from resource zip => assets/Resources/images/leer.png
[DEBUG] from resource zip => assets/Resources/ki/ki.js
[DEBUG] from resource zip => assets/Resources/model/model.js
[DEBUG] from resource zip => assets/Resources/ui/GameViewController.js
[DEBUG] from resource zip => assets/Resources/ui/MapViewController.js
[DEBUG] from resource zip => assets/Resources/ui/SettingsViewController.js
[DEBUG] from resource zip => assets/Resources/ui/ui.js
[DEBUG] from resource zip => assets/Resources/KS_nav_ui.png
[DEBUG] from resource zip => assets/Resources/KS_nav_views.png
[DEBUG] from resource zip => assets/Resources/app.js
[DEBUG] from resource zip => assets/Resources/appicon.png
[DEBUG] from resource zip => assets/Resources/default.png
[DEBUG] from resource zip => assets/Resources/mttt.js
[DEBUG] from resource zip => assets/app.json
[DEBUG] from resource zip => assets/index.json
[DEBUG] from resource zip => assets/tiapp.xml
[DEBUG] from resource zip => res/drawable/appicon.png
[DEBUG] from resource zip => res/drawable/background.png
[DEBUG] from resource zip => res/drawable/close.png
[DEBUG] from resource zip => res/drawable/facebook_login.png
[DEBUG] from resource zip => res/drawable/facebook_login_down.png
[DEBUG] from resource zip => res/drawable/facebook_login_wide.png
[DEBUG] from resource zip => res/drawable/facebook_login_wide_down.png
[DEBUG] from resource zip => res/drawable/facebook_logout.png
[DEBUG] from resource zip => res/drawable/facebook_logout_down.png
[DEBUG] from resource zip => res/layout/titanium_tabgroup.xml
[DEBUG] from resource zip => AndroidManifest.xml
[DEBUG] from resource zip => resources.arsc
[DEBUG] from resource zip => res/drawable-hdpi/close.png
[DEBUG] from resource zip => res/drawable-ldpi/close.png
[DEBUG] from resource zip => res/drawable-long-land-hdpi/background.png
[DEBUG] from resource zip => res/drawable-long-land-ldpi/background.png
[DEBUG] from resource zip => res/drawable-long-port-hdpi/background.png
[DEBUG] from resource zip => res/drawable-long-port-ldpi/background.png
[DEBUG] from resource zip => res/drawable-notlong-land-hdpi/background.png
[DEBUG] from resource zip => res/drawable-notlong-land-ldpi/background.png
[DEBUG] from resource zip => res/drawable-notlong-land-mdpi/background.png
[DEBUG] from resource zip => res/drawable-notlong-port-hdpi/background.png
[DEBUG] from resource zip => res/drawable-notlong-port-ldpi/background.png
[DEBUG] from resource zip => res/drawable-notlong-port-mdpi/background.png
[DEBUG] from JAR /home/martin/.titanium/mobilesdk/linux/2.0.1.GA2/android/titanium.jar => org/appcelerator/titanium/build.properties
[DEBUG] from JAR /home/martin/.titanium/mobilesdk/linux/2.0.1.GA2/android/titanium.jar => org/appcelerator/titanium/res/drawable/background.png
[DEBUG] from JAR /home/martin/.titanium/mobilesdk/linux/2.0.1.GA2/android/titanium.jar => org/appcelerator/titanium/res/drawable/btn_check_buttonless_on.png
[DEBUG] from JAR /home/martin/.titanium/mobilesdk/linux/2.0.1.GA2/android/titanium.jar => org/appcelerator/titanium/res/drawable/btn_check_buttonless_on_18.png
[DEBUG] from JAR /home/martin/.titanium/mobilesdk/linux/2.0.1.GA2/android/titanium.jar => org/appcelerator/titanium/res/drawable/btn_check_buttonless_on_48.png
[DEBUG] from JAR /home/martin/.titanium/mobilesdk/linux/2.0.1.GA2/android/titanium.jar => org/appcelerator/titanium/res/drawable/btn_more.png
[DEBUG] from JAR /home/martin/.titanium/mobilesdk/linux/2.0.1.GA2/android/titanium.jar => org/appcelerator/titanium/res/drawable/btn_more_18.png
[DEBUG] from JAR /home/martin/.titanium/mobilesdk/linux/2.0.1.GA2/android/titanium.jar => org/appcelerator/titanium/res/drawable/btn_more_48.png
[DEBUG] from JAR /home/martin/.titanium/mobilesdk/linux/2.0.1.GA2/android/titanium.jar => org/appcelerator/titanium/res/drawable/btn_picker_normal.9.png
[DEBUG] from JAR /home/martin/.titanium/mobilesdk/linux/2.0.1.GA2/android/titanium.jar => org/appcelerator/titanium/res/drawable/btn_picker_pressed.9.png
[DEBUG] from JAR /home/martin/.titanium/mobilesdk/linux/2.0.1.GA2/android/titanium.jar => org/appcelerator/titanium/res/drawable/btn_picker_selected.9.png
[DEBUG] from JAR /home/martin/.titanium/mobilesdk/linux/2.0.1.GA2/android/titanium.jar => org/appcelerator/titanium/res/drawable/default_icon.png
[DEBUG] from JAR /home/martin/.titanium/mobilesdk/linux/2.0.1.GA2/android/titanium.jar => org/appcelerator/titanium/res/drawable/photoDefault.png
[DEBUG] from JAR /home/martin/.titanium/mobilesdk/linux/2.0.1.GA2/android/modules/titanium-facebook.jar => ti/modules/titanium/facebook/LICENSE
[DEBUG] from JAR /home/martin/.titanium/mobilesdk/linux/2.0.1.GA2/android/thirdparty.jar => org/apache/Commons-NOTICE.txt
[DEBUG] from JAR /home/martin/.titanium/mobilesdk/linux/2.0.1.GA2/android/thirdparty.jar => org/apache/HttpComponents-NOTICE.txt
[DEBUG] from JAR /home/martin/.titanium/mobilesdk/linux/2.0.1.GA2/android/thirdparty.jar => org/apache/mime4j-NOTICE.txt
[DEBUG] from JAR /home/martin/.titanium/mobilesdk/linux/2.0.1.GA2/android/modules/titanium-ui.jar => ti/modules/titanium/ui/widget/webview/binding.js
[DEBUG] from JAR /home/martin/.titanium/mobilesdk/linux/2.0.1.GA2/android/modules/titanium-ui.jar => ti/modules/titanium/ui/widget/webview/binding.min.js
[DEBUG] from JAR /home/martin/.titanium/mobilesdk/linux/2.0.1.GA2/android/modules/titanium-ui.jar => ti/modules/titanium/ui/widget/webview/json2.js
[DEBUG] installing native SDK libs
[DEBUG] Waiting for device to be ready ...
[TRACE] adb devices returned 1 devices/emulators
[DEBUG] Device connected... (waited 0 seconds)
[DEBUG] waited 0.009475 seconds on emulator to get ready
[INFO] Installing application on emulator
