================================================================================
Appcelerator Titanium Diagnostics Build Log
The contents of this file are useful to send to Appcelerator Support if
reporting an issue to help us understand your environment, build settings
and aid in debugging. Please attach this log to any issue that you report.
================================================================================

Starting build at 05/21/12 17:13

Build details:

   timestamp=04/12/12 16:33
   module_apiversion=2
   version=2.0.1
   githash=999c68a


Script arguments:
   /Users/user/Library/Application Support/Titanium/mobilesdk/osx/2.0.1.GA2/iphone/builder.py
   simulator
   5.0
   /Users/user/Desktop/MTTT-Titanium/MobileTicTacToe
   de.bht.MobileTicTacToe
   MobileTicTacToe
   iphone
   iphone
   

Building from: /Users/user/Library/Application Support/Titanium/mobilesdk/osx/2.0.1.GA2/iphone
Platform: Darwin Kernel Version 10.8.0: Tue Jun  7 16:33:36 PDT 2011; root:xnu-1504.15.3~1/RELEASE_I386

Xcode path is: /Developer


githash=999c68a, existing_git_hash=999c68a
writing contents of /Users/user/Desktop/MTTT-Titanium/MobileTicTacToe/build/iphone/project.xcconfig:

TI_VERSION=2.0.1.GA2
TI_SDK_DIR=/Users/user/Library/Application Support/Titanium/mobilesdk/osx/$(TI_VERSION)/iphone
TI_APPID=de.bht.MobileTicTacToe
OTHER_LDFLAGS[sdk=iphoneos*]=$(inherited) -weak_framework iAd
OTHER_LDFLAGS[sdk=iphonesimulator*]=$(inherited) -weak_framework iAd
#include "module"

old contents


Generated the following stylecode code:

<?xml version="1.0" encoding="UTF-8"?>
<!DOCTYPE plist PUBLIC "-//Apple//DTD PLIST 1.0//EN" "http://www.apple.com/DTDs/PropertyList-1.0.dtd">
<plist version="1.0">
	<dict>
		<key>classes</key>
		<dict>
</dict>

		<key>classes_density</key>
		<dict>
</dict>

		<key>ids</key>
		<dict>
</dict>

		<key>ids_density</key>
		<dict>
</dict>

		<key>tags</key>
		<dict>
</dict>

		<key>tags_density</key>
		<dict>
</dict>

	</dict>
</plist>
Finishing build

Exception detected in script:
Traceback (most recent call last):
  File "/Users/user/Library/Application Support/Titanium/mobilesdk/osx/2.0.1.GA2/iphone/builder.py", line 1420, in main
    os.waitpid(sim.pid,0)
  File "/Users/user/Library/Application Support/Titanium/mobilesdk/osx/2.0.1.GA2/iphone/builder.py", line 1355, in handler
    kill_simulator()
  File "/Users/user/Library/Application Support/Titanium/mobilesdk/osx/2.0.1.GA2/iphone/builder.py", line 77, in kill_simulator
    run.run(['/usr/bin/killall',"iPhone Simulator"],True)
  File "/Users/user/Library/Application Support/Titanium/mobilesdk/osx/2.0.1.GA2/iphone/run.py", line 8, in run
    sys.stdout.flush()
IOError: [Errno 32] Broken pipe
